<?xml version="1.0" encoding="UTF-8"?>
<!-- Generated by org.testng.reporters.JUnitReportReporter -->
<testsuite hostname="DESKTOP-QSLPUE5" failures="0" tests="3" name="pkgSelenium.SauceLabAutomation" time="0.012" errors="0" timestamp="2023-03-31T11:49:49 EDT" skipped="0">
  <testcase classname="pkgSelenium.SauceLabAutomation" name="login" time="0.001"/>
  <system-out/>
  <testcase classname="pkgSelenium.SauceLabAutomation" name="login" time="0.011"/>
  <system-out/>
  <testcase classname="pkgSelenium.SauceLabAutomation" name="login" time="0.000"/>
  <system-out/>
</testsuite> <!-- pkgSelenium.SauceLabAutomation -->
