<?xml version="1.0" encoding="UTF-8"?>
<!-- Generated by org.testng.reporters.JUnitReportReporter -->
<testsuite hostname="DESKTOP-QSLPUE5" failures="0" tests="2" name="pkgSelenium.TestNgClass2" time="0.012" errors="0" timestamp="2023-03-31T13:18:37 EDT" skipped="0">
  <testcase classname="pkgSelenium.TestNgClass2" name="f" time="0.011"/>
  <system-out/>
  <testcase classname="pkgSelenium.TestNgClass2" name="f" time="0.001"/>
  <system-out/>
</testsuite> <!-- pkgSelenium.TestNgClass2 -->
