<?xml version="1.0" encoding="UTF-8"?>
<!-- Generated by org.testng.reporters.JUnitReportReporter -->
<testsuite hostname="DESKTOP-QSLPUE5" failures="0" tests="1" name="pkgSelenium.SeleniumTestCase" time="0.406" errors="0" timestamp="2023-04-06T10:21:39 EDT" skipped="0">
  <testcase classname="pkgSelenium.SeleniumTestCase" name="test" time="0.406"/>
  <system-out/>
</testsuite> <!-- pkgSelenium.SeleniumTestCase -->
